  [1m[35m (47.3ms)[0m  [1m[35mCREATE TABLE "schema_migrations" ("version" character varying NOT NULL PRIMARY KEY)[0m
  [1m[35m (6.4ms)[0m  [1m[35mCREATE TABLE "ar_internal_metadata" ("key" character varying NOT NULL PRIMARY KEY, "value" character varying, "created_at" timestamp NOT NULL, "updated_at" timestamp NOT NULL)[0m
  [1m[35m (1.6ms)[0m  [1m[34mSELECT pg_try_advisory_lock(8718866608612682235)[0m
  [1m[35m (1.5ms)[0m  [1m[34mSELECT "schema_migrations"."version" FROM "schema_migrations" ORDER BY "schema_migrations"."version" ASC[0m
Migrating to CreateUsers (20180209032512)
  [1m[35m (0.3ms)[0m  [1m[35mBEGIN[0m
  [1m[35m (14.2ms)[0m  [1m[35mCREATE TABLE "users" ("id" bigserial primary key, "name" text, "email" text, "password" text, "icon" text, "created_at" timestamp NOT NULL, "updated_at" timestamp NOT NULL)[0m
  [1m[35mSQL (5.1ms)[0m  [1m[32mINSERT INTO "schema_migrations" ("version") VALUES ($1) RETURNING "version"[0m  [["version", "20180209032512"]]
  [1m[35m (0.8ms)[0m  [1m[35mCOMMIT[0m
Migrating to CreateStats (20180209034437)
  [1m[35m (0.4ms)[0m  [1m[35mBEGIN[0m
  [1m[35m (3.2ms)[0m  [1m[35mCREATE TABLE "stats" ("id" bigserial primary key, "game_id" integer, "user_id" integer, "score" integer, "accuracy" integer, "average_time" float, "created_at" timestamp NOT NULL, "updated_at" timestamp NOT NULL)[0m
  [1m[35mSQL (0.8ms)[0m  [1m[32mINSERT INTO "schema_migrations" ("version") VALUES ($1) RETURNING "version"[0m  [["version", "20180209034437"]]
  [1m[35m (1.2ms)[0m  [1m[35mCOMMIT[0m
Migrating to CreateGames (20180209040631)
  [1m[35m (0.3ms)[0m  [1m[35mBEGIN[0m
  [1m[35m (5.1ms)[0m  [1m[35mCREATE TABLE "games" ("id" bigserial primary key, "category" integer, "speed" integer, "level" integer, "created_at" timestamp NOT NULL, "updated_at" timestamp NOT NULL)[0m
  [1m[35mSQL (1.3ms)[0m  [1m[32mINSERT INTO "schema_migrations" ("version") VALUES ($1) RETURNING "version"[0m  [["version", "20180209040631"]]
  [1m[35m (1.0ms)[0m  [1m[35mCOMMIT[0m
  [1m[36mActiveRecord::InternalMetadata Load (0.6ms)[0m  [1m[34mSELECT  "ar_internal_metadata".* FROM "ar_internal_metadata" WHERE "ar_internal_metadata"."key" = $1 LIMIT $2[0m  [["key", "environment"], ["LIMIT", 1]]
  [1m[35m (0.4ms)[0m  [1m[35mBEGIN[0m
  [1m[35mSQL (2.7ms)[0m  [1m[32mINSERT INTO "ar_internal_metadata" ("key", "value", "created_at", "updated_at") VALUES ($1, $2, $3, $4) RETURNING "key"[0m  [["key", "environment"], ["value", "development"], ["created_at", "2018-02-09 04:31:40.805925"], ["updated_at", "2018-02-09 04:31:40.805925"]]
  [1m[35m (0.6ms)[0m  [1m[35mCOMMIT[0m
  [1m[35m (0.5ms)[0m  [1m[34mSELECT pg_advisory_unlock(8718866608612682235)[0m
  [1m[35m (0.4ms)[0m  [1m[34mSELECT "schema_migrations"."version" FROM "schema_migrations" ORDER BY "schema_migrations"."version" ASC[0m
  [1m[35m (1.7ms)[0m  [1m[34mSELECT "schema_migrations"."version" FROM "schema_migrations" ORDER BY "schema_migrations"."version" ASC[0m
  [1m[36mUser Load (1.3ms)[0m  [1m[34mSELECT "users".* FROM "users"[0m
  [1m[35m (0.3ms)[0m  [1m[35mBEGIN[0m
  [1m[35mSQL (0.9ms)[0m  [1m[32mINSERT INTO "users" ("name", "email", "password", "created_at", "updated_at") VALUES ($1, $2, $3, $4, $5) RETURNING "id"[0m  [["name", "Priyanka"], ["email", "priyanka@mail.com"], ["password", "chicken"], ["created_at", "2018-02-09 04:31:48.611014"], ["updated_at", "2018-02-09 04:31:48.611014"]]
  [1m[35m (0.7ms)[0m  [1m[35mCOMMIT[0m
  [1m[35m (0.3ms)[0m  [1m[35mBEGIN[0m
  [1m[35mSQL (0.7ms)[0m  [1m[32mINSERT INTO "users" ("name", "email", "password", "created_at", "updated_at") VALUES ($1, $2, $3, $4, $5) RETURNING "id"[0m  [["name", "Sahana"], ["email", "sahana@mail.com"], ["password", "chicken"], ["created_at", "2018-02-09 04:31:48.615081"], ["updated_at", "2018-02-09 04:31:48.615081"]]
  [1m[35m (0.5ms)[0m  [1m[35mCOMMIT[0m
  [1m[35m (0.2ms)[0m  [1m[35mBEGIN[0m
  [1m[35mSQL (0.6ms)[0m  [1m[32mINSERT INTO "users" ("name", "email", "password", "created_at", "updated_at") VALUES ($1, $2, $3, $4, $5) RETURNING "id"[0m  [["name", "Linda"], ["email", "linda@mail.com"], ["password", "chicken"], ["created_at", "2018-02-09 04:31:48.618330"], ["updated_at", "2018-02-09 04:31:48.618330"]]
  [1m[35m (0.5ms)[0m  [1m[35mCOMMIT[0m
  [1m[36mUser Load (0.9ms)[0m  [1m[34mSELECT "users".* FROM "users"[0m
  [1m[35m (1.5ms)[0m  [1m[34mSELECT "schema_migrations"."version" FROM "schema_migrations" ORDER BY "schema_migrations"."version" ASC[0m
  [1m[36mUser Load (0.9ms)[0m  [1m[34mSELECT "users".* FROM "users"[0m
  [1m[35m (0.4ms)[0m  [1m[35mBEGIN[0m
  [1m[35mSQL (2.1ms)[0m  [1m[31mDELETE FROM "users" WHERE "users"."id" = $1[0m  [["id", 1]]
  [1m[35m (0.8ms)[0m  [1m[35mCOMMIT[0m
  [1m[35m (0.3ms)[0m  [1m[35mBEGIN[0m
  [1m[35mSQL (0.5ms)[0m  [1m[31mDELETE FROM "users" WHERE "users"."id" = $1[0m  [["id", 2]]
  [1m[35m (0.6ms)[0m  [1m[35mCOMMIT[0m
  [1m[35m (0.2ms)[0m  [1m[35mBEGIN[0m
  [1m[35mSQL (0.7ms)[0m  [1m[31mDELETE FROM "users" WHERE "users"."id" = $1[0m  [["id", 3]]
  [1m[35m (0.6ms)[0m  [1m[35mCOMMIT[0m
  [1m[35m (0.2ms)[0m  [1m[35mBEGIN[0m
  [1m[35mSQL (0.9ms)[0m  [1m[32mINSERT INTO "users" ("name", "email", "password", "created_at", "updated_at") VALUES ($1, $2, $3, $4, $5) RETURNING "id"[0m  [["name", "Priyanka"], ["email", "priyanka@mail.com"], ["password", "chicken"], ["created_at", "2018-02-09 04:32:40.037121"], ["updated_at", "2018-02-09 04:32:40.037121"]]
  [1m[35m (0.5ms)[0m  [1m[35mCOMMIT[0m
  [1m[35m (0.2ms)[0m  [1m[35mBEGIN[0m
  [1m[35mSQL (0.4ms)[0m  [1m[32mINSERT INTO "users" ("name", "email", "password", "created_at", "updated_at") VALUES ($1, $2, $3, $4, $5) RETURNING "id"[0m  [["name", "Sahana"], ["email", "sahana@mail.com"], ["password", "chicken"], ["created_at", "2018-02-09 04:32:40.040998"], ["updated_at", "2018-02-09 04:32:40.040998"]]
  [1m[35m (0.4ms)[0m  [1m[35mCOMMIT[0m
  [1m[35m (0.2ms)[0m  [1m[35mBEGIN[0m
  [1m[35mSQL (0.5ms)[0m  [1m[32mINSERT INTO "users" ("name", "email", "password", "created_at", "updated_at") VALUES ($1, $2, $3, $4, $5) RETURNING "id"[0m  [["name", "Linda"], ["email", "linda@mail.com"], ["password", "chicken"], ["created_at", "2018-02-09 04:32:40.043674"], ["updated_at", "2018-02-09 04:32:40.043674"]]
  [1m[35m (0.5ms)[0m  [1m[35mCOMMIT[0m
  [1m[36mUser Load (0.4ms)[0m  [1m[34mSELECT "users".* FROM "users"[0m
  [1m[36mGame Load (1.2ms)[0m  [1m[34mSELECT "games".* FROM "games"[0m
  [1m[35m (0.2ms)[0m  [1m[35mBEGIN[0m
  [1m[35mSQL (1.0ms)[0m  [1m[32mINSERT INTO "games" ("category", "speed", "level", "created_at", "updated_at") VALUES ($1, $2, $3, $4, $5) RETURNING "id"[0m  [["category", 1], ["speed", 2], ["level", 1], ["created_at", "2018-02-09 04:32:40.065724"], ["updated_at", "2018-02-09 04:32:40.065724"]]
  [1m[35m (0.6ms)[0m  [1m[35mCOMMIT[0m
  [1m[35m (0.2ms)[0m  [1m[35mBEGIN[0m
  [1m[35mSQL (0.5ms)[0m  [1m[32mINSERT INTO "games" ("category", "speed", "level", "created_at", "updated_at") VALUES ($1, $2, $3, $4, $5) RETURNING "id"[0m  [["category", 1], ["speed", 5], ["level", 1], ["created_at", "2018-02-09 04:32:40.069468"], ["updated_at", "2018-02-09 04:32:40.069468"]]
  [1m[35m (0.4ms)[0m  [1m[35mCOMMIT[0m
  [1m[35m (0.1ms)[0m  [1m[35mBEGIN[0m
  [1m[35mSQL (0.4ms)[0m  [1m[32mINSERT INTO "games" ("category", "speed", "level", "created_at", "updated_at") VALUES ($1, $2, $3, $4, $5) RETURNING "id"[0m  [["category", 2], ["speed", 7], ["level", 1], ["created_at", "2018-02-09 04:32:40.071988"], ["updated_at", "2018-02-09 04:32:40.071988"]]
  [1m[35m (0.4ms)[0m  [1m[35mCOMMIT[0m
  [1m[35m (0.1ms)[0m  [1m[35mBEGIN[0m
  [1m[35mSQL (0.5ms)[0m  [1m[32mINSERT INTO "games" ("category", "speed", "level", "created_at", "updated_at") VALUES ($1, $2, $3, $4, $5) RETURNING "id"[0m  [["category", 3], ["speed", 6], ["level", 2], ["created_at", "2018-02-09 04:32:40.074424"], ["updated_at", "2018-02-09 04:32:40.074424"]]
  [1m[35m (1.1ms)[0m  [1m[35mCOMMIT[0m
  [1m[36mGame Load (0.5ms)[0m  [1m[34mSELECT "games".* FROM "games"[0m
  [1m[36mStat Load (1.3ms)[0m  [1m[34mSELECT "stats".* FROM "stats"[0m
  [1m[35m (0.3ms)[0m  [1m[35mBEGIN[0m
  [1m[35m (0.9ms)[0m  [1m[31mROLLBACK[0m
  [1m[35m (0.3ms)[0m  [1m[35mBEGIN[0m
  [1m[35m (0.3ms)[0m  [1m[31mROLLBACK[0m
  [1m[35m (0.2ms)[0m  [1m[35mBEGIN[0m
  [1m[35m (0.2ms)[0m  [1m[31mROLLBACK[0m
  [1m[35m (0.2ms)[0m  [1m[35mBEGIN[0m
  [1m[35m (0.2ms)[0m  [1m[31mROLLBACK[0m
  [1m[35m (0.2ms)[0m  [1m[35mBEGIN[0m
  [1m[35m (0.2ms)[0m  [1m[31mROLLBACK[0m
  [1m[36mStat Load (0.4ms)[0m  [1m[34mSELECT "stats".* FROM "stats"[0m
  [1m[35m (2.4ms)[0m  [1m[35mBEGIN[0m
  [1m[35m (0.6ms)[0m  [1m[31mROLLBACK[0m
  [1m[35m (1.3ms)[0m  [1m[34mSELECT "schema_migrations"."version" FROM "schema_migrations" ORDER BY "schema_migrations"."version" ASC[0m
  [1m[36mUser Load (1.0ms)[0m  [1m[34mSELECT "users".* FROM "users"[0m
  [1m[35m (0.3ms)[0m  [1m[35mBEGIN[0m
  [1m[35mSQL (0.9ms)[0m  [1m[31mDELETE FROM "users" WHERE "users"."id" = $1[0m  [["id", 4]]
  [1m[35m (0.6ms)[0m  [1m[35mCOMMIT[0m
  [1m[35m (0.2ms)[0m  [1m[35mBEGIN[0m
  [1m[35mSQL (0.7ms)[0m  [1m[31mDELETE FROM "users" WHERE "users"."id" = $1[0m  [["id", 5]]
  [1m[35m (0.5ms)[0m  [1m[35mCOMMIT[0m
  [1m[35m (0.2ms)[0m  [1m[35mBEGIN[0m
  [1m[35mSQL (0.8ms)[0m  [1m[31mDELETE FROM "users" WHERE "users"."id" = $1[0m  [["id", 6]]
  [1m[35m (0.4ms)[0m  [1m[35mCOMMIT[0m
  [1m[35m (0.2ms)[0m  [1m[35mBEGIN[0m
  [1m[35mSQL (1.1ms)[0m  [1m[32mINSERT INTO "users" ("name", "email", "password", "created_at", "updated_at") VALUES ($1, $2, $3, $4, $5) RETURNING "id"[0m  [["name", "Priyanka"], ["email", "priyanka@mail.com"], ["password", "chicken"], ["created_at", "2018-02-09 04:37:04.017837"], ["updated_at", "2018-02-09 04:37:04.017837"]]
  [1m[35m (0.4ms)[0m  [1m[35mCOMMIT[0m
  [1m[35m (0.2ms)[0m  [1m[35mBEGIN[0m
  [1m[35mSQL (0.6ms)[0m  [1m[32mINSERT INTO "users" ("name", "email", "password", "created_at", "updated_at") VALUES ($1, $2, $3, $4, $5) RETURNING "id"[0m  [["name", "Sahana"], ["email", "sahana@mail.com"], ["password", "chicken"], ["created_at", "2018-02-09 04:37:04.022716"], ["updated_at", "2018-02-09 04:37:04.022716"]]
  [1m[35m (0.6ms)[0m  [1m[35mCOMMIT[0m
  [1m[35m (0.2ms)[0m  [1m[35mBEGIN[0m
  [1m[35mSQL (0.7ms)[0m  [1m[32mINSERT INTO "users" ("name", "email", "password", "created_at", "updated_at") VALUES ($1, $2, $3, $4, $5) RETURNING "id"[0m  [["name", "Linda"], ["email", "linda@mail.com"], ["password", "chicken"], ["created_at", "2018-02-09 04:37:04.026715"], ["updated_at", "2018-02-09 04:37:04.026715"]]
  [1m[35m (0.6ms)[0m  [1m[35mCOMMIT[0m
  [1m[36mUser Load (0.6ms)[0m  [1m[34mSELECT "users".* FROM "users"[0m
  [1m[36mGame Load (0.8ms)[0m  [1m[34mSELECT "games".* FROM "games"[0m
  [1m[35m (0.3ms)[0m  [1m[35mBEGIN[0m
  [1m[35mSQL (0.6ms)[0m  [1m[31mDELETE FROM "games" WHERE "games"."id" = $1[0m  [["id", 1]]
  [1m[35m (0.6ms)[0m  [1m[35mCOMMIT[0m
  [1m[35m (0.3ms)[0m  [1m[35mBEGIN[0m
  [1m[35mSQL (0.6ms)[0m  [1m[31mDELETE FROM "games" WHERE "games"."id" = $1[0m  [["id", 2]]
  [1m[35m (0.6ms)[0m  [1m[35mCOMMIT[0m
  [1m[35m (0.3ms)[0m  [1m[35mBEGIN[0m
  [1m[35mSQL (0.6ms)[0m  [1m[31mDELETE FROM "games" WHERE "games"."id" = $1[0m  [["id", 3]]
  [1m[35m (0.5ms)[0m  [1m[35mCOMMIT[0m
  [1m[35m (0.3ms)[0m  [1m[35mBEGIN[0m
  [1m[35mSQL (0.5ms)[0m  [1m[31mDELETE FROM "games" WHERE "games"."id" = $1[0m  [["id", 4]]
  [1m[35m (0.5ms)[0m  [1m[35mCOMMIT[0m
  [1m[35m (0.2ms)[0m  [1m[35mBEGIN[0m
  [1m[35mSQL (0.6ms)[0m  [1m[32mINSERT INTO "games" ("category", "speed", "level", "created_at", "updated_at") VALUES ($1, $2, $3, $4, $5) RETURNING "id"[0m  [["category", 1], ["speed", 2], ["level", 1], ["created_at", "2018-02-09 04:37:04.081701"], ["updated_at", "2018-02-09 04:37:04.081701"]]
  [1m[35m (0.4ms)[0m  [1m[35mCOMMIT[0m
  [1m[35m (0.2ms)[0m  [1m[35mBEGIN[0m
  [1m[35mSQL (0.5ms)[0m  [1m[32mINSERT INTO "games" ("category", "speed", "level", "created_at", "updated_at") VALUES ($1, $2, $3, $4, $5) RETURNING "id"[0m  [["category", 1], ["speed", 5], ["level", 1], ["created_at", "2018-02-09 04:37:04.084925"], ["updated_at", "2018-02-09 04:37:04.084925"]]
  [1m[35m (0.5ms)[0m  [1m[35mCOMMIT[0m
  [1m[35m (0.2ms)[0m  [1m[35mBEGIN[0m
  [1m[35mSQL (0.4ms)[0m  [1m[32mINSERT INTO "games" ("category", "speed", "level", "created_at", "updated_at") VALUES ($1, $2, $3, $4, $5) RETURNING "id"[0m  [["category", 2], ["speed", 7], ["level", 1], ["created_at", "2018-02-09 04:37:04.087691"], ["updated_at", "2018-02-09 04:37:04.087691"]]
  [1m[35m (0.5ms)[0m  [1m[35mCOMMIT[0m
  [1m[35m (0.2ms)[0m  [1m[35mBEGIN[0m
  [1m[35mSQL (0.4ms)[0m  [1m[32mINSERT INTO "games" ("category", "speed", "level", "created_at", "updated_at") VALUES ($1, $2, $3, $4, $5) RETURNING "id"[0m  [["category", 3], ["speed", 6], ["level", 2], ["created_at", "2018-02-09 04:37:04.090306"], ["updated_at", "2018-02-09 04:37:04.090306"]]
  [1m[35m (0.4ms)[0m  [1m[35mCOMMIT[0m
  [1m[36mGame Load (0.4ms)[0m  [1m[34mSELECT "games".* FROM "games"[0m
  [1m[36mStat Load (1.2ms)[0m  [1m[34mSELECT "stats".* FROM "stats"[0m
  [1m[35m (0.2ms)[0m  [1m[35mBEGIN[0m
  [1m[35mSQL (2.2ms)[0m  [1m[32mINSERT INTO "stats" ("score", "accuracy", "average_time", "created_at", "updated_at") VALUES ($1, $2, $3, $4, $5) RETURNING "id"[0m  [["score", 10], ["accuracy", 56], ["average_time", 2.0], ["created_at", "2018-02-09 04:37:04.121571"], ["updated_at", "2018-02-09 04:37:04.121571"]]
  [1m[35m (0.5ms)[0m  [1m[35mCOMMIT[0m
  [1m[35m (0.2ms)[0m  [1m[35mBEGIN[0m
  [1m[35mSQL (0.4ms)[0m  [1m[32mINSERT INTO "stats" ("score", "accuracy", "average_time", "created_at", "updated_at") VALUES ($1, $2, $3, $4, $5) RETURNING "id"[0m  [["score", 12], ["accuracy", 78], ["average_time", 1.2], ["created_at", "2018-02-09 04:37:04.126381"], ["updated_at", "2018-02-09 04:37:04.126381"]]
  [1m[35m (0.5ms)[0m  [1m[35mCOMMIT[0m
  [1m[35m (0.2ms)[0m  [1m[35mBEGIN[0m
  [1m[35mSQL (0.5ms)[0m  [1m[32mINSERT INTO "stats" ("score", "accuracy", "average_time", "created_at", "updated_at") VALUES ($1, $2, $3, $4, $5) RETURNING "id"[0m  [["score", 5], ["accuracy", 49], ["average_time", 1.3], ["created_at", "2018-02-09 04:37:04.128930"], ["updated_at", "2018-02-09 04:37:04.128930"]]
  [1m[35m (0.5ms)[0m  [1m[35mCOMMIT[0m
  [1m[35m (0.2ms)[0m  [1m[35mBEGIN[0m
  [1m[35mSQL (0.5ms)[0m  [1m[32mINSERT INTO "stats" ("score", "accuracy", "average_time", "created_at", "updated_at") VALUES ($1, $2, $3, $4, $5) RETURNING "id"[0m  [["score", 3], ["accuracy", 32], ["average_time", 2.5], ["created_at", "2018-02-09 04:37:04.131785"], ["updated_at", "2018-02-09 04:37:04.131785"]]
  [1m[35m (0.4ms)[0m  [1m[35mCOMMIT[0m
  [1m[35m (0.2ms)[0m  [1m[35mBEGIN[0m
  [1m[35mSQL (0.5ms)[0m  [1m[32mINSERT INTO "stats" ("score", "accuracy", "average_time", "created_at", "updated_at") VALUES ($1, $2, $3, $4, $5) RETURNING "id"[0m  [["score", 19], ["accuracy", 99], ["average_time", 3.0], ["created_at", "2018-02-09 04:37:04.134513"], ["updated_at", "2018-02-09 04:37:04.134513"]]
  [1m[35m (0.4ms)[0m  [1m[35mCOMMIT[0m
  [1m[36mStat Load (0.4ms)[0m  [1m[34mSELECT "stats".* FROM "stats"[0m
  [1m[35m (1.4ms)[0m  [1m[34mSELECT "schema_migrations"."version" FROM "schema_migrations" ORDER BY "schema_migrations"."version" ASC[0m
  [1m[36mUser Load (0.9ms)[0m  [1m[34mSELECT "users".* FROM "users"[0m
  [1m[35m (0.3ms)[0m  [1m[35mBEGIN[0m
  [1m[35mSQL (0.8ms)[0m  [1m[31mDELETE FROM "users" WHERE "users"."id" = $1[0m  [["id", 7]]
  [1m[35m (0.7ms)[0m  [1m[35mCOMMIT[0m
  [1m[35m (0.2ms)[0m  [1m[35mBEGIN[0m
  [1m[35mSQL (0.6ms)[0m  [1m[31mDELETE FROM "users" WHERE "users"."id" = $1[0m  [["id", 8]]
  [1m[35m (0.4ms)[0m  [1m[35mCOMMIT[0m
  [1m[35m (0.3ms)[0m  [1m[35mBEGIN[0m
  [1m[35mSQL (0.5ms)[0m  [1m[31mDELETE FROM "users" WHERE "users"."id" = $1[0m  [["id", 9]]
  [1m[35m (0.6ms)[0m  [1m[35mCOMMIT[0m
  [1m[35m (0.3ms)[0m  [1m[35mBEGIN[0m
  [1m[35mSQL (0.9ms)[0m  [1m[32mINSERT INTO "users" ("name", "email", "password", "created_at", "updated_at") VALUES ($1, $2, $3, $4, $5) RETURNING "id"[0m  [["name", "Priyanka"], ["email", "priyanka@mail.com"], ["password", "chicken"], ["created_at", "2018-02-09 04:37:43.886088"], ["updated_at", "2018-02-09 04:37:43.886088"]]
  [1m[35m (0.6ms)[0m  [1m[35mCOMMIT[0m
  [1m[35m (0.2ms)[0m  [1m[35mBEGIN[0m
  [1m[35mSQL (6.4ms)[0m  [1m[32mINSERT INTO "users" ("name", "email", "password", "created_at", "updated_at") VALUES ($1, $2, $3, $4, $5) RETURNING "id"[0m  [["name", "Sahana"], ["email", "sahana@mail.com"], ["password", "chicken"], ["created_at", "2018-02-09 04:37:43.890663"], ["updated_at", "2018-02-09 04:37:43.890663"]]
  [1m[35m (0.5ms)[0m  [1m[35mCOMMIT[0m
  [1m[35m (0.3ms)[0m  [1m[35mBEGIN[0m
  [1m[35mSQL (1.1ms)[0m  [1m[32mINSERT INTO "users" ("name", "email", "password", "created_at", "updated_at") VALUES ($1, $2, $3, $4, $5) RETURNING "id"[0m  [["name", "Linda"], ["email", "linda@mail.com"], ["password", "chicken"], ["created_at", "2018-02-09 04:37:43.900346"], ["updated_at", "2018-02-09 04:37:43.900346"]]
  [1m[35m (0.5ms)[0m  [1m[35mCOMMIT[0m
  [1m[36mUser Load (0.6ms)[0m  [1m[34mSELECT "users".* FROM "users"[0m
  [1m[36mGame Load (1.0ms)[0m  [1m[34mSELECT "games".* FROM "games"[0m
  [1m[35m (2.6ms)[0m  [1m[35mBEGIN[0m
  [1m[35mSQL (0.7ms)[0m  [1m[31mDELETE FROM "games" WHERE "games"."id" = $1[0m  [["id", 5]]
  [1m[35m (0.5ms)[0m  [1m[35mCOMMIT[0m
  [1m[35m (0.2ms)[0m  [1m[35mBEGIN[0m
  [1m[35mSQL (0.9ms)[0m  [1m[31mDELETE FROM "games" WHERE "games"."id" = $1[0m  [["id", 6]]
  [1m[35m (0.6ms)[0m  [1m[35mCOMMIT[0m
  [1m[35m (0.2ms)[0m  [1m[35mBEGIN[0m
  [1m[35mSQL (0.5ms)[0m  [1m[31mDELETE FROM "games" WHERE "games"."id" = $1[0m  [["id", 7]]
  [1m[35m (0.4ms)[0m  [1m[35mCOMMIT[0m
  [1m[35m (0.2ms)[0m  [1m[35mBEGIN[0m
  [1m[35mSQL (0.4ms)[0m  [1m[31mDELETE FROM "games" WHERE "games"."id" = $1[0m  [["id", 8]]
  [1m[35m (0.4ms)[0m  [1m[35mCOMMIT[0m
  [1m[35m (0.2ms)[0m  [1m[35mBEGIN[0m
  [1m[35mSQL (0.5ms)[0m  [1m[32mINSERT INTO "games" ("category", "speed", "level", "created_at", "updated_at") VALUES ($1, $2, $3, $4, $5) RETURNING "id"[0m  [["category", 1], ["speed", 2], ["level", 1], ["created_at", "2018-02-09 04:37:43.951095"], ["updated_at", "2018-02-09 04:37:43.951095"]]
  [1m[35m (0.5ms)[0m  [1m[35mCOMMIT[0m
  [1m[35m (0.2ms)[0m  [1m[35mBEGIN[0m
  [1m[35mSQL (0.5ms)[0m  [1m[32mINSERT INTO "games" ("category", "speed", "level", "created_at", "updated_at") VALUES ($1, $2, $3, $4, $5) RETURNING "id"[0m  [["category", 1], ["speed", 5], ["level", 1], ["created_at", "2018-02-09 04:37:43.954140"], ["updated_at", "2018-02-09 04:37:43.954140"]]
  [1m[35m (0.4ms)[0m  [1m[35mCOMMIT[0m
  [1m[35m (0.3ms)[0m  [1m[35mBEGIN[0m
  [1m[35mSQL (1.3ms)[0m  [1m[32mINSERT INTO "games" ("category", "speed", "level", "created_at", "updated_at") VALUES ($1, $2, $3, $4, $5) RETURNING "id"[0m  [["category", 2], ["speed", 7], ["level", 1], ["created_at", "2018-02-09 04:37:43.957410"], ["updated_at", "2018-02-09 04:37:43.957410"]]
  [1m[35m (0.5ms)[0m  [1m[35mCOMMIT[0m
  [1m[35m (0.2ms)[0m  [1m[35mBEGIN[0m
  [1m[35mSQL (0.4ms)[0m  [1m[32mINSERT INTO "games" ("category", "speed", "level", "created_at", "updated_at") VALUES ($1, $2, $3, $4, $5) RETURNING "id"[0m  [["category", 3], ["speed", 6], ["level", 2], ["created_at", "2018-02-09 04:37:43.963385"], ["updated_at", "2018-02-09 04:37:43.963385"]]
  [1m[35m (0.4ms)[0m  [1m[35mCOMMIT[0m
  [1m[36mGame Load (0.3ms)[0m  [1m[34mSELECT "games".* FROM "games"[0m
  [1m[36mStat Load (1.2ms)[0m  [1m[34mSELECT "stats".* FROM "stats"[0m
  [1m[35m (0.3ms)[0m  [1m[35mBEGIN[0m
  [1m[35mSQL (0.5ms)[0m  [1m[31mDELETE FROM "stats" WHERE "stats"."id" = $1[0m  [["id", 1]]
  [1m[35m (0.5ms)[0m  [1m[35mCOMMIT[0m
  [1m[35m (0.2ms)[0m  [1m[35mBEGIN[0m
  [1m[35mSQL (0.5ms)[0m  [1m[31mDELETE FROM "stats" WHERE "stats"."id" = $1[0m  [["id", 2]]
  [1m[35m (0.4ms)[0m  [1m[35mCOMMIT[0m
  [1m[35m (0.2ms)[0m  [1m[35mBEGIN[0m
  [1m[35mSQL (0.4ms)[0m  [1m[31mDELETE FROM "stats" WHERE "stats"."id" = $1[0m  [["id", 3]]
  [1m[35m (0.4ms)[0m  [1m[35mCOMMIT[0m
  [1m[35m (0.2ms)[0m  [1m[35mBEGIN[0m
  [1m[35mSQL (0.5ms)[0m  [1m[31mDELETE FROM "stats" WHERE "stats"."id" = $1[0m  [["id", 4]]
  [1m[35m (0.4ms)[0m  [1m[35mCOMMIT[0m
  [1m[35m (0.2ms)[0m  [1m[35mBEGIN[0m
  [1m[35mSQL (0.4ms)[0m  [1m[31mDELETE FROM "stats" WHERE "stats"."id" = $1[0m  [["id", 5]]
  [1m[35m (0.5ms)[0m  [1m[35mCOMMIT[0m
  [1m[35m (0.1ms)[0m  [1m[35mBEGIN[0m
  [1m[35mSQL (0.6ms)[0m  [1m[32mINSERT INTO "stats" ("score", "accuracy", "average_time", "created_at", "updated_at") VALUES ($1, $2, $3, $4, $5) RETURNING "id"[0m  [["score", 10], ["accuracy", 56], ["average_time", 2.0], ["created_at", "2018-02-09 04:37:44.006526"], ["updated_at", "2018-02-09 04:37:44.006526"]]
  [1m[35m (0.5ms)[0m  [1m[35mCOMMIT[0m
  [1m[35m (0.2ms)[0m  [1m[35mBEGIN[0m
  [1m[35mSQL (0.7ms)[0m  [1m[32mINSERT INTO "stats" ("score", "accuracy", "average_time", "created_at", "updated_at") VALUES ($1, $2, $3, $4, $5) RETURNING "id"[0m  [["score", 12], ["accuracy", 78], ["average_time", 1.2], ["created_at", "2018-02-09 04:37:44.009642"], ["updated_at", "2018-02-09 04:37:44.009642"]]
  [1m[35m (0.5ms)[0m  [1m[35mCOMMIT[0m
  [1m[35m (0.1ms)[0m  [1m[35mBEGIN[0m
  [1m[35mSQL (0.5ms)[0m  [1m[32mINSERT INTO "stats" ("score", "accuracy", "average_time", "created_at", "updated_at") VALUES ($1, $2, $3, $4, $5) RETURNING "id"[0m  [["score", 5], ["accuracy", 49], ["average_time", 1.3], ["created_at", "2018-02-09 04:37:44.012656"], ["updated_at", "2018-02-09 04:37:44.012656"]]
  [1m[35m (0.5ms)[0m  [1m[35mCOMMIT[0m
  [1m[35m (0.2ms)[0m  [1m[35mBEGIN[0m
  [1m[35mSQL (0.4ms)[0m  [1m[32mINSERT INTO "stats" ("score", "accuracy", "average_time", "created_at", "updated_at") VALUES ($1, $2, $3, $4, $5) RETURNING "id"[0m  [["score", 3], ["accuracy", 32], ["average_time", 2.5], ["created_at", "2018-02-09 04:37:44.015072"], ["updated_at", "2018-02-09 04:37:44.015072"]]
  [1m[35m (0.5ms)[0m  [1m[35mCOMMIT[0m
  [1m[35m (0.2ms)[0m  [1m[35mBEGIN[0m
  [1m[35mSQL (0.4ms)[0m  [1m[32mINSERT INTO "stats" ("score", "accuracy", "average_time", "created_at", "updated_at") VALUES ($1, $2, $3, $4, $5) RETURNING "id"[0m  [["score", 19], ["accuracy", 99], ["average_time", 3.0], ["created_at", "2018-02-09 04:37:44.017512"], ["updated_at", "2018-02-09 04:37:44.017512"]]
  [1m[35m (0.5ms)[0m  [1m[35mCOMMIT[0m
  [1m[36mStat Load (0.5ms)[0m  [1m[34mSELECT "stats".* FROM "stats"[0m
  [1m[35m (1.3ms)[0m  [1m[34mSELECT "schema_migrations"."version" FROM "schema_migrations" ORDER BY "schema_migrations"."version" ASC[0m
  [1m[36mUser Load (0.8ms)[0m  [1m[34mSELECT "users".* FROM "users"[0m
  [1m[35m (0.4ms)[0m  [1m[35mBEGIN[0m
  [1m[35mSQL (0.7ms)[0m  [1m[31mDELETE FROM "users" WHERE "users"."id" = $1[0m  [["id", 10]]
  [1m[35m (1.4ms)[0m  [1m[35mCOMMIT[0m
  [1m[35m (0.3ms)[0m  [1m[35mBEGIN[0m
  [1m[35mSQL (0.6ms)[0m  [1m[31mDELETE FROM "users" WHERE "users"."id" = $1[0m  [["id", 11]]
  [1m[35m (0.4ms)[0m  [1m[35mCOMMIT[0m
  [1m[35m (0.2ms)[0m  [1m[35mBEGIN[0m
  [1m[35mSQL (0.4ms)[0m  [1m[31mDELETE FROM "users" WHERE "users"."id" = $1[0m  [["id", 12]]
  [1m[35m (0.4ms)[0m  [1m[35mCOMMIT[0m
  [1m[35m (0.2ms)[0m  [1m[35mBEGIN[0m
  [1m[35mSQL (0.6ms)[0m  [1m[32mINSERT INTO "users" ("name", "email", "password", "created_at", "updated_at") VALUES ($1, $2, $3, $4, $5) RETURNING "id"[0m  [["name", "Priyanka"], ["email", "priyanka@mail.com"], ["password", "chicken"], ["created_at", "2018-02-09 04:38:06.459899"], ["updated_at", "2018-02-09 04:38:06.459899"]]
  [1m[35m (0.5ms)[0m  [1m[35mCOMMIT[0m
  [1m[35m (0.2ms)[0m  [1m[35mBEGIN[0m
  [1m[35mSQL (0.5ms)[0m  [1m[32mINSERT INTO "users" ("name", "email", "password", "created_at", "updated_at") VALUES ($1, $2, $3, $4, $5) RETURNING "id"[0m  [["name", "Sahana"], ["email", "sahana@mail.com"], ["password", "chicken"], ["created_at", "2018-02-09 04:38:06.463226"], ["updated_at", "2018-02-09 04:38:06.463226"]]
  [1m[35m (0.5ms)[0m  [1m[35mCOMMIT[0m
  [1m[35m (0.2ms)[0m  [1m[35mBEGIN[0m
  [1m[35mSQL (0.4ms)[0m  [1m[32mINSERT INTO "users" ("name", "email", "password", "created_at", "updated_at") VALUES ($1, $2, $3, $4, $5) RETURNING "id"[0m  [["name", "Linda"], ["email", "linda@mail.com"], ["password", "chicken"], ["created_at", "2018-02-09 04:38:06.465919"], ["updated_at", "2018-02-09 04:38:06.465919"]]
  [1m[35m (0.5ms)[0m  [1m[35mCOMMIT[0m
  [1m[36mUser Load (0.4ms)[0m  [1m[34mSELECT "users".* FROM "users"[0m
  [1m[36mGame Load (0.7ms)[0m  [1m[34mSELECT "games".* FROM "games"[0m
  [1m[35m (0.2ms)[0m  [1m[35mBEGIN[0m
  [1m[35mSQL (0.6ms)[0m  [1m[31mDELETE FROM "games" WHERE "games"."id" = $1[0m  [["id", 9]]
  [1m[35m (0.4ms)[0m  [1m[35mCOMMIT[0m
  [1m[35m (0.1ms)[0m  [1m[35mBEGIN[0m
  [1m[35mSQL (0.4ms)[0m  [1m[31mDELETE FROM "games" WHERE "games"."id" = $1[0m  [["id", 10]]
  [1m[35m (0.4ms)[0m  [1m[35mCOMMIT[0m
  [1m[35m (0.1ms)[0m  [1m[35mBEGIN[0m
  [1m[35mSQL (1.0ms)[0m  [1m[31mDELETE FROM "games" WHERE "games"."id" = $1[0m  [["id", 11]]
  [1m[35m (0.4ms)[0m  [1m[35mCOMMIT[0m
  [1m[35m (0.2ms)[0m  [1m[35mBEGIN[0m
  [1m[35mSQL (0.4ms)[0m  [1m[31mDELETE FROM "games" WHERE "games"."id" = $1[0m  [["id", 12]]
  [1m[35m (0.4ms)[0m  [1m[35mCOMMIT[0m
  [1m[35m (0.3ms)[0m  [1m[35mBEGIN[0m
  [1m[35mSQL (0.7ms)[0m  [1m[32mINSERT INTO "games" ("category", "speed", "level", "created_at", "updated_at") VALUES ($1, $2, $3, $4, $5) RETURNING "id"[0m  [["category", 1], ["speed", 2], ["level", 1], ["created_at", "2018-02-09 04:38:06.496403"], ["updated_at", "2018-02-09 04:38:06.496403"]]
  [1m[35m (0.5ms)[0m  [1m[35mCOMMIT[0m
  [1m[35m (0.2ms)[0m  [1m[35mBEGIN[0m
  [1m[35mSQL (0.7ms)[0m  [1m[32mINSERT INTO "games" ("category", "speed", "level", "created_at", "updated_at") VALUES ($1, $2, $3, $4, $5) RETURNING "id"[0m  [["category", 1], ["speed", 5], ["level", 1], ["created_at", "2018-02-09 04:38:06.500081"], ["updated_at", "2018-02-09 04:38:06.500081"]]
  [1m[35m (0.9ms)[0m  [1m[35mCOMMIT[0m
  [1m[35m (0.4ms)[0m  [1m[35mBEGIN[0m
  [1m[35mSQL (0.6ms)[0m  [1m[32mINSERT INTO "games" ("category", "speed", "level", "created_at", "updated_at") VALUES ($1, $2, $3, $4, $5) RETURNING "id"[0m  [["category", 2], ["speed", 7], ["level", 1], ["created_at", "2018-02-09 04:38:06.504671"], ["updated_at", "2018-02-09 04:38:06.504671"]]
  [1m[35m (0.4ms)[0m  [1m[35mCOMMIT[0m
  [1m[35m (0.2ms)[0m  [1m[35mBEGIN[0m
  [1m[35mSQL (0.4ms)[0m  [1m[32mINSERT INTO "games" ("category", "speed", "level", "created_at", "updated_at") VALUES ($1, $2, $3, $4, $5) RETURNING "id"[0m  [["category", 3], ["speed", 6], ["level", 2], ["created_at", "2018-02-09 04:38:06.508111"], ["updated_at", "2018-02-09 04:38:06.508111"]]
  [1m[35m (0.5ms)[0m  [1m[35mCOMMIT[0m
  [1m[36mGame Load (0.6ms)[0m  [1m[34mSELECT "games".* FROM "games"[0m
  [1m[36mStat Load (0.9ms)[0m  [1m[34mSELECT "stats".* FROM "stats"[0m
  [1m[35m (0.3ms)[0m  [1m[35mBEGIN[0m
  [1m[35mSQL (0.5ms)[0m  [1m[31mDELETE FROM "stats" WHERE "stats"."id" = $1[0m  [["id", 6]]
  [1m[35m (0.5ms)[0m  [1m[35mCOMMIT[0m
  [1m[35m (0.3ms)[0m  [1m[35mBEGIN[0m
  [1m[35mSQL (1.1ms)[0m  [1m[31mDELETE FROM "stats" WHERE "stats"."id" = $1[0m  [["id", 7]]
  [1m[35m (1.0ms)[0m  [1m[35mCOMMIT[0m
  [1m[35m (0.2ms)[0m  [1m[35mBEGIN[0m
  [1m[35mSQL (0.5ms)[0m  [1m[31mDELETE FROM "stats" WHERE "stats"."id" = $1[0m  [["id", 8]]
  [1m[35m (0.4ms)[0m  [1m[35mCOMMIT[0m
  [1m[35m (0.2ms)[0m  [1m[35mBEGIN[0m
  [1m[35mSQL (0.5ms)[0m  [1m[31mDELETE FROM "stats" WHERE "stats"."id" = $1[0m  [["id", 9]]
  [1m[35m (0.5ms)[0m  [1m[35mCOMMIT[0m
  [1m[35m (0.2ms)[0m  [1m[35mBEGIN[0m
  [1m[35mSQL (0.4ms)[0m  [1m[31mDELETE FROM "stats" WHERE "stats"."id" = $1[0m  [["id", 10]]
  [1m[35m (0.4ms)[0m  [1m[35mCOMMIT[0m
  [1m[35m (0.1ms)[0m  [1m[35mBEGIN[0m
  [1m[35mSQL (0.6ms)[0m  [1m[32mINSERT INTO "stats" ("score", "accuracy", "average_time", "created_at", "updated_at") VALUES ($1, $2, $3, $4, $5) RETURNING "id"[0m  [["score", 10], ["accuracy", 56], ["average_time", 2.0], ["created_at", "2018-02-09 04:38:06.546154"], ["updated_at", "2018-02-09 04:38:06.546154"]]
  [1m[35m (0.4ms)[0m  [1m[35mCOMMIT[0m
  [1m[35m (0.1ms)[0m  [1m[35mBEGIN[0m
  [1m[35mSQL (0.4ms)[0m  [1m[32mINSERT INTO "stats" ("score", "accuracy", "average_time", "created_at", "updated_at") VALUES ($1, $2, $3, $4, $5) RETURNING "id"[0m  [["score", 12], ["accuracy", 78], ["average_time", 1.2], ["created_at", "2018-02-09 04:38:06.548764"], ["updated_at", "2018-02-09 04:38:06.548764"]]
  [1m[35m (0.5ms)[0m  [1m[35mCOMMIT[0m
  [1m[35m (0.2ms)[0m  [1m[35mBEGIN[0m
  [1m[35mSQL (0.5ms)[0m  [1m[32mINSERT INTO "stats" ("score", "accuracy", "average_time", "created_at", "updated_at") VALUES ($1, $2, $3, $4, $5) RETURNING "id"[0m  [["score", 5], ["accuracy", 49], ["average_time", 1.3], ["created_at", "2018-02-09 04:38:06.551268"], ["updated_at", "2018-02-09 04:38:06.551268"]]
  [1m[35m (0.5ms)[0m  [1m[35mCOMMIT[0m
  [1m[35m (0.2ms)[0m  [1m[35mBEGIN[0m
  [1m[35mSQL (0.5ms)[0m  [1m[32mINSERT INTO "stats" ("score", "accuracy", "average_time", "created_at", "updated_at") VALUES ($1, $2, $3, $4, $5) RETURNING "id"[0m  [["score", 3], ["accuracy", 32], ["average_time", 2.5], ["created_at", "2018-02-09 04:38:06.554477"], ["updated_at", "2018-02-09 04:38:06.554477"]]
  [1m[35m (0.5ms)[0m  [1m[35mCOMMIT[0m
  [1m[35m (0.2ms)[0m  [1m[35mBEGIN[0m
  [1m[35mSQL (0.7ms)[0m  [1m[32mINSERT INTO "stats" ("score", "accuracy", "average_time", "created_at", "updated_at") VALUES ($1, $2, $3, $4, $5) RETURNING "id"[0m  [["score", 19], ["accuracy", 99], ["average_time", 3.0], ["created_at", "2018-02-09 04:38:06.557449"], ["updated_at", "2018-02-09 04:38:06.557449"]]
  [1m[35m (0.6ms)[0m  [1m[35mCOMMIT[0m
  [1m[36mStat Load (0.6ms)[0m  [1m[34mSELECT "stats".* FROM "stats"[0m
  [1m[36mUser Load (0.9ms)[0m  [1m[34mSELECT  "users".* FROM "users" ORDER BY "users"."id" ASC LIMIT $1[0m  [["LIMIT", 1]]
  [1m[36mUser Load (0.6ms)[0m  [1m[34mSELECT  "users".* FROM "users" ORDER BY "users"."id" ASC LIMIT $1[0m  [["LIMIT", 1]]
  [1m[36mStat Load (1.2ms)[0m  [1m[34mSELECT "stats".* FROM "stats" WHERE "stats"."user_id" = $1[0m  [["user_id", 13]]
  [1m[36mStat Load (0.5ms)[0m  [1m[34mSELECT  "stats".* FROM "stats" ORDER BY "stats"."id" ASC LIMIT $1[0m  [["LIMIT", 1]]
  [1m[35m (0.3ms)[0m  [1m[35mBEGIN[0m
  [1m[35mSQL (1.4ms)[0m  [1m[33mUPDATE "stats" SET "user_id" = $1, "updated_at" = $2 WHERE "stats"."id" = $3[0m  [["user_id", 13], ["updated_at", "2018-02-09 04:39:02.243383"], ["id", 11]]
  [1m[35m (0.5ms)[0m  [1m[35mCOMMIT[0m
  [1m[35m (1.1ms)[0m  [1m[34mSELECT "schema_migrations"."version" FROM "schema_migrations" ORDER BY "schema_migrations"."version" ASC[0m
  [1m[36mUser Load (1.0ms)[0m  [1m[34mSELECT "users".* FROM "users"[0m
  [1m[35m (0.4ms)[0m  [1m[35mBEGIN[0m
  [1m[35mSQL (1.1ms)[0m  [1m[31mDELETE FROM "users" WHERE "users"."id" = $1[0m  [["id", 13]]
  [1m[35m (0.9ms)[0m  [1m[35mCOMMIT[0m
  [1m[35m (0.3ms)[0m  [1m[35mBEGIN[0m
  [1m[35mSQL (0.6ms)[0m  [1m[31mDELETE FROM "users" WHERE "users"."id" = $1[0m  [["id", 14]]
  [1m[35m (0.6ms)[0m  [1m[35mCOMMIT[0m
  [1m[35m (0.3ms)[0m  [1m[35mBEGIN[0m
  [1m[35mSQL (0.7ms)[0m  [1m[31mDELETE FROM "users" WHERE "users"."id" = $1[0m  [["id", 15]]
  [1m[35m (0.6ms)[0m  [1m[35mCOMMIT[0m
  [1m[35m (0.2ms)[0m  [1m[35mBEGIN[0m
  [1m[35mSQL (0.9ms)[0m  [1m[32mINSERT INTO "users" ("name", "email", "password", "created_at", "updated_at") VALUES ($1, $2, $3, $4, $5) RETURNING "id"[0m  [["name", "Priyanka"], ["email", "priyanka@mail.com"], ["password", "chicken"], ["created_at", "2018-02-09 04:39:24.525916"], ["updated_at", "2018-02-09 04:39:24.525916"]]
  [1m[35m (0.5ms)[0m  [1m[35mCOMMIT[0m
  [1m[35m (0.2ms)[0m  [1m[35mBEGIN[0m
  [1m[35mSQL (0.6ms)[0m  [1m[32mINSERT INTO "users" ("name", "email", "password", "created_at", "updated_at") VALUES ($1, $2, $3, $4, $5) RETURNING "id"[0m  [["name", "Sahana"], ["email", "sahana@mail.com"], ["password", "chicken"], ["created_at", "2018-02-09 04:39:24.531606"], ["updated_at", "2018-02-09 04:39:24.531606"]]
  [1m[35m (0.5ms)[0m  [1m[35mCOMMIT[0m
  [1m[35m (0.2ms)[0m  [1m[35mBEGIN[0m
  [1m[35mSQL (0.4ms)[0m  [1m[32mINSERT INTO "users" ("name", "email", "password", "created_at", "updated_at") VALUES ($1, $2, $3, $4, $5) RETURNING "id"[0m  [["name", "Linda"], ["email", "linda@mail.com"], ["password", "chicken"], ["created_at", "2018-02-09 04:39:24.535344"], ["updated_at", "2018-02-09 04:39:24.535344"]]
  [1m[35m (0.5ms)[0m  [1m[35mCOMMIT[0m
  [1m[36mUser Load (0.6ms)[0m  [1m[34mSELECT "users".* FROM "users"[0m
  [1m[36mGame Load (0.8ms)[0m  [1m[34mSELECT "games".* FROM "games"[0m
  [1m[35m (0.2ms)[0m  [1m[35mBEGIN[0m
  [1m[35mSQL (0.5ms)[0m  [1m[31mDELETE FROM "games" WHERE "games"."id" = $1[0m  [["id", 13]]
  [1m[35m (0.6ms)[0m  [1m[35mCOMMIT[0m
  [1m[35m (0.2ms)[0m  [1m[35mBEGIN[0m
  [1m[35mSQL (0.5ms)[0m  [1m[31mDELETE FROM "games" WHERE "games"."id" = $1[0m  [["id", 14]]
  [1m[35m (0.5ms)[0m  [1m[35mCOMMIT[0m
  [1m[35m (0.2ms)[0m  [1m[35mBEGIN[0m
  [1m[35mSQL (0.4ms)[0m  [1m[31mDELETE FROM "games" WHERE "games"."id" = $1[0m  [["id", 15]]
  [1m[35m (0.5ms)[0m  [1m[35mCOMMIT[0m
  [1m[35m (0.3ms)[0m  [1m[35mBEGIN[0m
  [1m[35mSQL (0.4ms)[0m  [1m[31mDELETE FROM "games" WHERE "games"."id" = $1[0m  [["id", 16]]
  [1m[35m (0.4ms)[0m  [1m[35mCOMMIT[0m
  [1m[35m (0.4ms)[0m  [1m[35mBEGIN[0m
  [1m[35mSQL (0.8ms)[0m  [1m[32mINSERT INTO "games" ("category", "speed", "level", "created_at", "updated_at") VALUES ($1, $2, $3, $4, $5) RETURNING "id"[0m  [["category", 1], ["speed", 2], ["level", 1], ["created_at", "2018-02-09 04:39:24.583503"], ["updated_at", "2018-02-09 04:39:24.583503"]]
  [1m[35m (0.5ms)[0m  [1m[35mCOMMIT[0m
  [1m[35m (0.2ms)[0m  [1m[35mBEGIN[0m
  [1m[35mSQL (0.4ms)[0m  [1m[32mINSERT INTO "games" ("category", "speed", "level", "created_at", "updated_at") VALUES ($1, $2, $3, $4, $5) RETURNING "id"[0m  [["category", 1], ["speed", 5], ["level", 1], ["created_at", "2018-02-09 04:39:24.588394"], ["updated_at", "2018-02-09 04:39:24.588394"]]
  [1m[35m (0.5ms)[0m  [1m[35mCOMMIT[0m
  [1m[35m (0.2ms)[0m  [1m[35mBEGIN[0m
  [1m[35mSQL (0.4ms)[0m  [1m[32mINSERT INTO "games" ("category", "speed", "level", "created_at", "updated_at") VALUES ($1, $2, $3, $4, $5) RETURNING "id"[0m  [["category", 2], ["speed", 7], ["level", 1], ["created_at", "2018-02-09 04:39:24.591028"], ["updated_at", "2018-02-09 04:39:24.591028"]]
  [1m[35m (0.4ms)[0m  [1m[35mCOMMIT[0m
  [1m[35m (0.1ms)[0m  [1m[35mBEGIN[0m
  [1m[35mSQL (0.4ms)[0m  [1m[32mINSERT INTO "games" ("category", "speed", "level", "created_at", "updated_at") VALUES ($1, $2, $3, $4, $5) RETURNING "id"[0m  [["category", 3], ["speed", 6], ["level", 2], ["created_at", "2018-02-09 04:39:24.593499"], ["updated_at", "2018-02-09 04:39:24.593499"]]
  [1m[35m (0.5ms)[0m  [1m[35mCOMMIT[0m
  [1m[36mGame Load (0.5ms)[0m  [1m[34mSELECT "games".* FROM "games"[0m
  [1m[36mStat Load (0.9ms)[0m  [1m[34mSELECT "stats".* FROM "stats"[0m
  [1m[35m (0.3ms)[0m  [1m[35mBEGIN[0m
  [1m[35mSQL (0.7ms)[0m  [1m[31mDELETE FROM "stats" WHERE "stats"."id" = $1[0m  [["id", 12]]
  [1m[35m (0.4ms)[0m  [1m[35mCOMMIT[0m
  [1m[35m (0.2ms)[0m  [1m[35mBEGIN[0m
  [1m[35mSQL (0.5ms)[0m  [1m[31mDELETE FROM "stats" WHERE "stats"."id" = $1[0m  [["id", 13]]
  [1m[35m (0.4ms)[0m  [1m[35mCOMMIT[0m
  [1m[35m (0.2ms)[0m  [1m[35mBEGIN[0m
  [1m[35mSQL (0.6ms)[0m  [1m[31mDELETE FROM "stats" WHERE "stats"."id" = $1[0m  [["id", 14]]
  [1m[35m (0.5ms)[0m  [1m[35mCOMMIT[0m
  [1m[35m (0.3ms)[0m  [1m[35mBEGIN[0m
  [1m[35mSQL (0.7ms)[0m  [1m[31mDELETE FROM "stats" WHERE "stats"."id" = $1[0m  [["id", 15]]
  [1m[35m (0.6ms)[0m  [1m[35mCOMMIT[0m
  [1m[35m (0.4ms)[0m  [1m[35mBEGIN[0m
  [1m[35mSQL (1.3ms)[0m  [1m[31mDELETE FROM "stats" WHERE "stats"."id" = $1[0m  [["id", 11]]
  [1m[35m (0.6ms)[0m  [1m[35mCOMMIT[0m
  [1m[35m (0.2ms)[0m  [1m[35mBEGIN[0m
  [1m[35mSQL (0.8ms)[0m  [1m[32mINSERT INTO "stats" ("score", "accuracy", "average_time", "created_at", "updated_at") VALUES ($1, $2, $3, $4, $5) RETURNING "id"[0m  [["score", 10], ["accuracy", 56], ["average_time", 2.0], ["created_at", "2018-02-09 04:39:24.637443"], ["updated_at", "2018-02-09 04:39:24.637443"]]
  [1m[35m (0.4ms)[0m  [1m[35mCOMMIT[0m
  [1m[35m (0.2ms)[0m  [1m[35mBEGIN[0m
  [1m[35mSQL (0.5ms)[0m  [1m[32mINSERT INTO "stats" ("score", "accuracy", "average_time", "created_at", "updated_at") VALUES ($1, $2, $3, $4, $5) RETURNING "id"[0m  [["score", 12], ["accuracy", 78], ["average_time", 1.2], ["created_at", "2018-02-09 04:39:24.640854"], ["updated_at", "2018-02-09 04:39:24.640854"]]
  [1m[35m (0.5ms)[0m  [1m[35mCOMMIT[0m
  [1m[35m (0.2ms)[0m  [1m[35mBEGIN[0m
  [1m[35mSQL (0.6ms)[0m  [1m[32mINSERT INTO "stats" ("score", "accuracy", "average_time", "created_at", "updated_at") VALUES ($1, $2, $3, $4, $5) RETURNING "id"[0m  [["score", 5], ["accuracy", 49], ["average_time", 1.3], ["created_at", "2018-02-09 04:39:24.643690"], ["updated_at", "2018-02-09 04:39:24.643690"]]
  [1m[35m (0.6ms)[0m  [1m[35mCOMMIT[0m
  [1m[35m (0.2ms)[0m  [1m[35mBEGIN[0m
  [1m[35mSQL (0.4ms)[0m  [1m[32mINSERT INTO "stats" ("score", "accuracy", "average_time", "created_at", "updated_at") VALUES ($1, $2, $3, $4, $5) RETURNING "id"[0m  [["score", 3], ["accuracy", 32], ["average_time", 2.5], ["created_at", "2018-02-09 04:39:24.647104"], ["updated_at", "2018-02-09 04:39:24.647104"]]
  [1m[35m (0.4ms)[0m  [1m[35mCOMMIT[0m
  [1m[35m (0.2ms)[0m  [1m[35mBEGIN[0m
  [1m[35mSQL (0.5ms)[0m  [1m[32mINSERT INTO "stats" ("score", "accuracy", "average_time", "created_at", "updated_at") VALUES ($1, $2, $3, $4, $5) RETURNING "id"[0m  [["score", 19], ["accuracy", 99], ["average_time", 3.0], ["created_at", "2018-02-09 04:39:24.649831"], ["updated_at", "2018-02-09 04:39:24.649831"]]
  [1m[35m (0.5ms)[0m  [1m[35mCOMMIT[0m
  [1m[36mStat Load (0.6ms)[0m  [1m[34mSELECT "stats".* FROM "stats"[0m
  [1m[35m (0.3ms)[0m  [1m[35mBEGIN[0m
  [1m[35mSQL (0.6ms)[0m  [1m[33mUPDATE "stats" SET "user_id" = $1, "updated_at" = $2 WHERE "stats"."id" = $3[0m  [["user_id", 16], ["updated_at", "2018-02-09 04:39:24.676231"], ["id", 16]]
  [1m[35m (0.5ms)[0m  [1m[35mCOMMIT[0m
  [1m[35m (0.2ms)[0m  [1m[35mBEGIN[0m
  [1m[35mSQL (0.8ms)[0m  [1m[33mUPDATE "stats" SET "user_id" = $1, "updated_at" = $2 WHERE "stats"."id" = $3[0m  [["user_id", 16], ["updated_at", "2018-02-09 04:39:24.680194"], ["id", 17]]
  [1m[35m (0.7ms)[0m  [1m[35mCOMMIT[0m
  [1m[35m (0.3ms)[0m  [1m[35mBEGIN[0m
  [1m[35mSQL (0.7ms)[0m  [1m[33mUPDATE "stats" SET "user_id" = $1, "updated_at" = $2 WHERE "stats"."id" = $3[0m  [["user_id", 17], ["updated_at", "2018-02-09 04:39:24.685775"], ["id", 18]]
  [1m[35m (0.5ms)[0m  [1m[35mCOMMIT[0m
  [1m[35m (0.2ms)[0m  [1m[35mBEGIN[0m
  [1m[35mSQL (0.7ms)[0m  [1m[33mUPDATE "stats" SET "user_id" = $1, "updated_at" = $2 WHERE "stats"."id" = $3[0m  [["user_id", 18], ["updated_at", "2018-02-09 04:39:24.689957"], ["id", 19]]
  [1m[35m (0.5ms)[0m  [1m[35mCOMMIT[0m
  [1m[35m (0.2ms)[0m  [1m[35mBEGIN[0m
  [1m[35mSQL (0.7ms)[0m  [1m[33mUPDATE "stats" SET "user_id" = $1, "updated_at" = $2 WHERE "stats"."id" = $3[0m  [["user_id", 18], ["updated_at", "2018-02-09 04:39:24.693331"], ["id", 20]]
  [1m[35m (0.5ms)[0m  [1m[35mCOMMIT[0m
  [1m[35m (0.3ms)[0m  [1m[35mBEGIN[0m
  [1m[35mSQL (0.7ms)[0m  [1m[33mUPDATE "stats" SET "game_id" = $1, "updated_at" = $2 WHERE "stats"."id" = $3[0m  [["game_id", 17], ["updated_at", "2018-02-09 04:39:24.699317"], ["id", 16]]
  [1m[35m (0.5ms)[0m  [1m[35mCOMMIT[0m
  [1m[35m (0.2ms)[0m  [1m[35mBEGIN[0m
  [1m[35mSQL (1.9ms)[0m  [1m[33mUPDATE "stats" SET "game_id" = $1, "updated_at" = $2 WHERE "stats"."id" = $3[0m  [["game_id", 18], ["updated_at", "2018-02-09 04:39:24.703213"], ["id", 19]]
  [1m[35m (0.9ms)[0m  [1m[35mCOMMIT[0m
  [1m[35m (0.7ms)[0m  [1m[35mBEGIN[0m
  [1m[35mSQL (0.8ms)[0m  [1m[33mUPDATE "stats" SET "game_id" = $1, "updated_at" = $2 WHERE "stats"."id" = $3[0m  [["game_id", 19], ["updated_at", "2018-02-09 04:39:24.709916"], ["id", 17]]
  [1m[35m (0.4ms)[0m  [1m[35mCOMMIT[0m
  [1m[35m (0.2ms)[0m  [1m[35mBEGIN[0m
  [1m[35mSQL (0.6ms)[0m  [1m[33mUPDATE "stats" SET "game_id" = $1, "updated_at" = $2 WHERE "stats"."id" = $3[0m  [["game_id", 19], ["updated_at", "2018-02-09 04:39:24.713860"], ["id", 20]]
  [1m[35m (0.4ms)[0m  [1m[35mCOMMIT[0m
  [1m[35m (0.2ms)[0m  [1m[35mBEGIN[0m
  [1m[35mSQL (0.6ms)[0m  [1m[33mUPDATE "stats" SET "game_id" = $1, "updated_at" = $2 WHERE "stats"."id" = $3[0m  [["game_id", 20], ["updated_at", "2018-02-09 04:39:24.717592"], ["id", 18]]
  [1m[35m (0.4ms)[0m  [1m[35mCOMMIT[0m
  [1m[35m (13.4ms)[0m  [1m[35mCREATE TABLE "schema_migrations" ("version" character varying NOT NULL PRIMARY KEY)[0m
  [1m[35m (20.9ms)[0m  [1m[35mCREATE TABLE "ar_internal_metadata" ("key" character varying NOT NULL PRIMARY KEY, "value" character varying, "created_at" timestamp NOT NULL, "updated_at" timestamp NOT NULL)[0m
  [1m[35m (0.9ms)[0m  [1m[34mSELECT pg_try_advisory_lock(8718866608612682235)[0m
  [1m[35m (1.2ms)[0m  [1m[34mSELECT "schema_migrations"."version" FROM "schema_migrations" ORDER BY "schema_migrations"."version" ASC[0m
Migrating to CreateUsers (20180209032512)
  [1m[35m (0.2ms)[0m  [1m[35mBEGIN[0m
  [1m[35m (30.5ms)[0m  [1m[35mCREATE TABLE "users" ("id" bigserial primary key, "name" text, "email" text, "password" text, "icon" text, "created_at" timestamp NOT NULL, "updated_at" timestamp NOT NULL)[0m
  [1m[35mSQL (3.1ms)[0m  [1m[32mINSERT INTO "schema_migrations" ("version") VALUES ($1) RETURNING "version"[0m  [["version", "20180209032512"]]
  [1m[35m (0.5ms)[0m  [1m[35mCOMMIT[0m
Migrating to CreateStats (20180209034437)
  [1m[35m (0.3ms)[0m  [1m[35mBEGIN[0m
  [1m[35m (2.4ms)[0m  [1m[35mCREATE TABLE "stats" ("id" bigserial primary key, "game_id" integer, "user_id" integer, "score" integer, "accuracy" integer, "average_time" float, "created_at" timestamp NOT NULL, "updated_at" timestamp NOT NULL)[0m
  [1m[35mSQL (0.4ms)[0m  [1m[32mINSERT INTO "schema_migrations" ("version") VALUES ($1) RETURNING "version"[0m  [["version", "20180209034437"]]
  [1m[35m (0.4ms)[0m  [1m[35mCOMMIT[0m
Migrating to CreateGames (20180209040631)
  [1m[35m (0.2ms)[0m  [1m[35mBEGIN[0m
  [1m[35m (2.6ms)[0m  [1m[35mCREATE TABLE "games" ("id" bigserial primary key, "category" integer, "speed" integer, "level" integer, "created_at" timestamp NOT NULL, "updated_at" timestamp NOT NULL)[0m
  [1m[35mSQL (1.7ms)[0m  [1m[32mINSERT INTO "schema_migrations" ("version") VALUES ($1) RETURNING "version"[0m  [["version", "20180209040631"]]
  [1m[35m (1.4ms)[0m  [1m[35mCOMMIT[0m
  [1m[36mActiveRecord::InternalMetadata Load (0.7ms)[0m  [1m[34mSELECT  "ar_internal_metadata".* FROM "ar_internal_metadata" WHERE "ar_internal_metadata"."key" = $1 LIMIT $2[0m  [["key", "environment"], ["LIMIT", 1]]
  [1m[35m (0.2ms)[0m  [1m[35mBEGIN[0m
  [1m[35mSQL (1.4ms)[0m  [1m[32mINSERT INTO "ar_internal_metadata" ("key", "value", "created_at", "updated_at") VALUES ($1, $2, $3, $4) RETURNING "key"[0m  [["key", "environment"], ["value", "development"], ["created_at", "2018-02-09 04:50:42.899745"], ["updated_at", "2018-02-09 04:50:42.899745"]]
  [1m[35m (0.4ms)[0m  [1m[35mCOMMIT[0m
  [1m[35m (0.2ms)[0m  [1m[34mSELECT pg_advisory_unlock(8718866608612682235)[0m
  [1m[35m (0.3ms)[0m  [1m[34mSELECT "schema_migrations"."version" FROM "schema_migrations" ORDER BY "schema_migrations"."version" ASC[0m
  [1m[35m (0.9ms)[0m  [1m[34mSELECT "schema_migrations"."version" FROM "schema_migrations" ORDER BY "schema_migrations"."version" ASC[0m
  [1m[36mUser Load (0.8ms)[0m  [1m[34mSELECT "users".* FROM "users"[0m
  [1m[35m (0.2ms)[0m  [1m[35mBEGIN[0m
  [1m[35mSQL (0.8ms)[0m  [1m[32mINSERT INTO "users" ("name", "email", "password", "created_at", "updated_at") VALUES ($1, $2, $3, $4, $5) RETURNING "id"[0m  [["name", "Priyanka"], ["email", "priyanka@mail.com"], ["password", "chicken"], ["created_at", "2018-02-09 04:50:49.968955"], ["updated_at", "2018-02-09 04:50:49.968955"]]
  [1m[35m (6.4ms)[0m  [1m[35mCOMMIT[0m
  [1m[35m (0.2ms)[0m  [1m[35mBEGIN[0m
  [1m[35mSQL (0.6ms)[0m  [1m[32mINSERT INTO "users" ("name", "email", "password", "created_at", "updated_at") VALUES ($1, $2, $3, $4, $5) RETURNING "id"[0m  [["name", "Sahana"], ["email", "sahana@mail.com"], ["password", "chicken"], ["created_at", "2018-02-09 04:50:49.978387"], ["updated_at", "2018-02-09 04:50:49.978387"]]
  [1m[35m (0.4ms)[0m  [1m[35mCOMMIT[0m
  [1m[35m (0.1ms)[0m  [1m[35mBEGIN[0m
  [1m[35mSQL (0.5ms)[0m  [1m[32mINSERT INTO "users" ("name", "email", "password", "created_at", "updated_at") VALUES ($1, $2, $3, $4, $5) RETURNING "id"[0m  [["name", "Linda"], ["email", "linda@mail.com"], ["password", "chicken"], ["created_at", "2018-02-09 04:50:49.981013"], ["updated_at", "2018-02-09 04:50:49.981013"]]
  [1m[35m (0.4ms)[0m  [1m[35mCOMMIT[0m
  [1m[36mUser Load (0.5ms)[0m  [1m[34mSELECT "users".* FROM "users"[0m
  [1m[36mGame Load (0.6ms)[0m  [1m[34mSELECT "games".* FROM "games"[0m
  [1m[35m (0.2ms)[0m  [1m[35mBEGIN[0m
  [1m[35mSQL (0.6ms)[0m  [1m[32mINSERT INTO "games" ("category", "speed", "level", "created_at", "updated_at") VALUES ($1, $2, $3, $4, $5) RETURNING "id"[0m  [["category", 1], ["speed", 2], ["level", 1], ["created_at", "2018-02-09 04:50:49.999400"], ["updated_at", "2018-02-09 04:50:49.999400"]]
  [1m[35m (6.2ms)[0m  [1m[35mCOMMIT[0m
  [1m[35m (0.3ms)[0m  [1m[35mBEGIN[0m
  [1m[35mSQL (0.7ms)[0m  [1m[32mINSERT INTO "games" ("category", "speed", "level", "created_at", "updated_at") VALUES ($1, $2, $3, $4, $5) RETURNING "id"[0m  [["category", 1], ["speed", 5], ["level", 1], ["created_at", "2018-02-09 04:50:50.008667"], ["updated_at", "2018-02-09 04:50:50.008667"]]
  [1m[35m (0.6ms)[0m  [1m[35mCOMMIT[0m
  [1m[35m (0.3ms)[0m  [1m[35mBEGIN[0m
  [1m[35mSQL (0.7ms)[0m  [1m[32mINSERT INTO "games" ("category", "speed", "level", "created_at", "updated_at") VALUES ($1, $2, $3, $4, $5) RETURNING "id"[0m  [["category", 2], ["speed", 7], ["level", 1], ["created_at", "2018-02-09 04:50:50.012209"], ["updated_at", "2018-02-09 04:50:50.012209"]]
  [1m[35m (0.5ms)[0m  [1m[35mCOMMIT[0m
  [1m[35m (0.2ms)[0m  [1m[35mBEGIN[0m
  [1m[35mSQL (0.5ms)[0m  [1m[32mINSERT INTO "games" ("category", "speed", "level", "created_at", "updated_at") VALUES ($1, $2, $3, $4, $5) RETURNING "id"[0m  [["category", 3], ["speed", 6], ["level", 2], ["created_at", "2018-02-09 04:50:50.020081"], ["updated_at", "2018-02-09 04:50:50.020081"]]
  [1m[35m (0.4ms)[0m  [1m[35mCOMMIT[0m
  [1m[36mGame Load (0.3ms)[0m  [1m[34mSELECT "games".* FROM "games"[0m
  [1m[36mStat Load (0.6ms)[0m  [1m[34mSELECT "stats".* FROM "stats"[0m
  [1m[35m (0.3ms)[0m  [1m[35mBEGIN[0m
  [1m[35mSQL (0.7ms)[0m  [1m[32mINSERT INTO "stats" ("score", "accuracy", "average_time", "created_at", "updated_at") VALUES ($1, $2, $3, $4, $5) RETURNING "id"[0m  [["score", 10], ["accuracy", 56], ["average_time", 2.0], ["created_at", "2018-02-09 04:50:50.046048"], ["updated_at", "2018-02-09 04:50:50.046048"]]
  [1m[35m (5.3ms)[0m  [1m[35mCOMMIT[0m
  [1m[35m (0.2ms)[0m  [1m[35mBEGIN[0m
  [1m[35mSQL (0.5ms)[0m  [1m[32mINSERT INTO "stats" ("score", "accuracy", "average_time", "created_at", "updated_at") VALUES ($1, $2, $3, $4, $5) RETURNING "id"[0m  [["score", 12], ["accuracy", 78], ["average_time", 1.2], ["created_at", "2018-02-09 04:50:50.054128"], ["updated_at", "2018-02-09 04:50:50.054128"]]
  [1m[35m (0.4ms)[0m  [1m[35mCOMMIT[0m
  [1m[35m (0.1ms)[0m  [1m[35mBEGIN[0m
  [1m[35mSQL (0.3ms)[0m  [1m[32mINSERT INTO "stats" ("score", "accuracy", "average_time", "created_at", "updated_at") VALUES ($1, $2, $3, $4, $5) RETURNING "id"[0m  [["score", 5], ["accuracy", 49], ["average_time", 1.3], ["created_at", "2018-02-09 04:50:50.056251"], ["updated_at", "2018-02-09 04:50:50.056251"]]
  [1m[35m (0.3ms)[0m  [1m[35mCOMMIT[0m
  [1m[35m (0.1ms)[0m  [1m[35mBEGIN[0m
  [1m[35mSQL (0.3ms)[0m  [1m[32mINSERT INTO "stats" ("score", "accuracy", "average_time", "created_at", "updated_at") VALUES ($1, $2, $3, $4, $5) RETURNING "id"[0m  [["score", 3], ["accuracy", 32], ["average_time", 2.5], ["created_at", "2018-02-09 04:50:50.058156"], ["updated_at", "2018-02-09 04:50:50.058156"]]
  [1m[35m (0.3ms)[0m  [1m[35mCOMMIT[0m
  [1m[35m (0.1ms)[0m  [1m[35mBEGIN[0m
  [1m[35mSQL (0.4ms)[0m  [1m[32mINSERT INTO "stats" ("score", "accuracy", "average_time", "created_at", "updated_at") VALUES ($1, $2, $3, $4, $5) RETURNING "id"[0m  [["score", 19], ["accuracy", 99], ["average_time", 3.0], ["created_at", "2018-02-09 04:50:50.059942"], ["updated_at", "2018-02-09 04:50:50.059942"]]
  [1m[35m (0.3ms)[0m  [1m[35mCOMMIT[0m
  [1m[36mStat Load (0.3ms)[0m  [1m[34mSELECT "stats".* FROM "stats"[0m
  [1m[35m (0.5ms)[0m  [1m[35mBEGIN[0m
  [1m[35mSQL (6.8ms)[0m  [1m[33mUPDATE "stats" SET "user_id" = $1, "updated_at" = $2 WHERE "stats"."id" = $3[0m  [["user_id", 1], ["updated_at", "2018-02-09 04:50:50.080404"], ["id", 1]]
  [1m[35m (6.3ms)[0m  [1m[35mCOMMIT[0m
  [1m[35m (0.1ms)[0m  [1m[35mBEGIN[0m
  [1m[35mSQL (0.4ms)[0m  [1m[33mUPDATE "stats" SET "user_id" = $1, "updated_at" = $2 WHERE "stats"."id" = $3[0m  [["user_id", 1], ["updated_at", "2018-02-09 04:50:50.095524"], ["id", 2]]
  [1m[35m (5.8ms)[0m  [1m[35mCOMMIT[0m
  [1m[35m (0.5ms)[0m  [1m[35mBEGIN[0m
  [1m[35mSQL (1.0ms)[0m  [1m[33mUPDATE "stats" SET "user_id" = $1, "updated_at" = $2 WHERE "stats"."id" = $3[0m  [["user_id", 2], ["updated_at", "2018-02-09 04:50:50.105607"], ["id", 3]]
  [1m[35m (0.4ms)[0m  [1m[35mCOMMIT[0m
  [1m[35m (0.1ms)[0m  [1m[35mBEGIN[0m
  [1m[35mSQL (0.4ms)[0m  [1m[33mUPDATE "stats" SET "user_id" = $1, "updated_at" = $2 WHERE "stats"."id" = $3[0m  [["user_id", 3], ["updated_at", "2018-02-09 04:50:50.109473"], ["id", 4]]
  [1m[35m (0.3ms)[0m  [1m[35mCOMMIT[0m
  [1m[35m (0.1ms)[0m  [1m[35mBEGIN[0m
  [1m[35mSQL (0.4ms)[0m  [1m[33mUPDATE "stats" SET "user_id" = $1, "updated_at" = $2 WHERE "stats"."id" = $3[0m  [["user_id", 3], ["updated_at", "2018-02-09 04:50:50.111728"], ["id", 5]]
  [1m[35m (0.3ms)[0m  [1m[35mCOMMIT[0m
  [1m[35m (0.1ms)[0m  [1m[35mBEGIN[0m
  [1m[35mSQL (0.4ms)[0m  [1m[33mUPDATE "stats" SET "game_id" = $1, "updated_at" = $2 WHERE "stats"."id" = $3[0m  [["game_id", 1], ["updated_at", "2018-02-09 04:50:50.115532"], ["id", 1]]
  [1m[35m (0.4ms)[0m  [1m[35mCOMMIT[0m
  [1m[35m (0.1ms)[0m  [1m[35mBEGIN[0m
  [1m[35mSQL (0.5ms)[0m  [1m[33mUPDATE "stats" SET "game_id" = $1, "updated_at" = $2 WHERE "stats"."id" = $3[0m  [["game_id", 2], ["updated_at", "2018-02-09 04:50:50.118140"], ["id", 4]]
  [1m[35m (0.4ms)[0m  [1m[35mCOMMIT[0m
  [1m[35m (0.1ms)[0m  [1m[35mBEGIN[0m
  [1m[35mSQL (0.5ms)[0m  [1m[33mUPDATE "stats" SET "game_id" = $1, "updated_at" = $2 WHERE "stats"."id" = $3[0m  [["game_id", 3], ["updated_at", "2018-02-09 04:50:50.120732"], ["id", 2]]
  [1m[35m (0.4ms)[0m  [1m[35mCOMMIT[0m
  [1m[35m (0.1ms)[0m  [1m[35mBEGIN[0m
  [1m[35mSQL (0.4ms)[0m  [1m[33mUPDATE "stats" SET "game_id" = $1, "updated_at" = $2 WHERE "stats"."id" = $3[0m  [["game_id", 3], ["updated_at", "2018-02-09 04:50:50.123012"], ["id", 5]]
  [1m[35m (0.3ms)[0m  [1m[35mCOMMIT[0m
  [1m[35m (0.1ms)[0m  [1m[35mBEGIN[0m
  [1m[35mSQL (0.4ms)[0m  [1m[33mUPDATE "stats" SET "game_id" = $1, "updated_at" = $2 WHERE "stats"."id" = $3[0m  [["game_id", 4], ["updated_at", "2018-02-09 04:50:50.125303"], ["id", 3]]
  [1m[35m (0.3ms)[0m  [1m[35mCOMMIT[0m
  [1m[36mGame Load (1.7ms)[0m  [1m[34mSELECT  "games".* FROM "games" ORDER BY "games"."id" ASC LIMIT $1[0m  [["LIMIT", 1]]
Started GET "/" for 127.0.0.1 at 2018-02-12 10:56:16 +1100
  [1m[35m (7.2ms)[0m  [1m[34mSELECT "schema_migrations"."version" FROM "schema_migrations" ORDER BY "schema_migrations"."version" ASC[0m
Processing by Rails::WelcomeController#index as HTML
  Rendering /Users/Sandy/.rvm/gems/ruby-2.4.0/gems/railties-5.1.4/lib/rails/templates/rails/welcome/index.html.erb
  Rendered /Users/Sandy/.rvm/gems/ruby-2.4.0/gems/railties-5.1.4/lib/rails/templates/rails/welcome/index.html.erb (3.2ms)
Completed 200 OK in 14ms (Views: 10.1ms | ActiveRecord: 0.0ms)


Started GET "/games" for 127.0.0.1 at 2018-02-12 10:56:20 +1100
Processing by GamesController#index as HTML
  Rendering games/index.html.erb within layouts/application
  [1m[36mGame Load (1.3ms)[0m  [1m[34mSELECT "games".* FROM "games"[0m
  Rendered games/index.html.erb within layouts/application (43.5ms)
Completed 200 OK in 704ms (Views: 674.7ms | ActiveRecord: 17.8ms)


Started GET "/games/1" for 127.0.0.1 at 2018-02-12 10:56:42 +1100
Processing by GamesController#show as HTML
  Parameters: {"id"=>"1"}
  Rendering games/show.html.erb within layouts/application
  Rendered games/show.html.erb within layouts/application (7.6ms)
Completed 500 Internal Server Error in 16ms (ActiveRecord: 0.0ms)


  
ActionView::Template::Error (undefined method `category' for nil:NilClass):
    2: 
    3: <p>
    4:   <strong>Category:</strong>
    5:   <%= @game.category %>
    6: </p>
    7: 
    8: <p>
  
app/views/games/show.html.erb:5:in `_app_views_games_show_html_erb__3222844382427811616_70136449665840'
Started GET "/games" for 127.0.0.1 at 2018-02-12 10:56:49 +1100
Processing by GamesController#index as HTML
  Rendering games/index.html.erb within layouts/application
  [1m[36mGame Load (1.1ms)[0m  [1m[34mSELECT "games".* FROM "games"[0m
  Rendered games/index.html.erb within layouts/application (19.5ms)
Completed 200 OK in 54ms (Views: 36.0ms | ActiveRecord: 8.8ms)


Started GET "/games" for 127.0.0.1 at 2018-02-12 10:57:03 +1100
Processing by GamesController#index as HTML
  Rendering games/index.html.erb within layouts/application
  [1m[36mGame Load (0.7ms)[0m  [1m[34mSELECT "games".* FROM "games"[0m
  Rendered games/index.html.erb within layouts/application (21.2ms)
Completed 200 OK in 103ms (Views: 74.0ms | ActiveRecord: 0.7ms)


Started GET "/games/4" for 127.0.0.1 at 2018-02-12 10:57:04 +1100
Processing by GamesController#show as HTML
  Parameters: {"id"=>"4"}
  [1m[36mGame Load (0.6ms)[0m  [1m[34mSELECT  "games".* FROM "games" WHERE "games"."id" = $1 LIMIT $2[0m  [["id", 4], ["LIMIT", 1]]
  Rendering games/show.html.erb within layouts/application
  Rendered games/show.html.erb within layouts/application (1.0ms)
Completed 200 OK in 49ms (Views: 39.7ms | ActiveRecord: 0.9ms)


Started GET "/games" for 127.0.0.1 at 2018-02-12 10:57:10 +1100
Processing by GamesController#index as HTML
  Rendering games/index.html.erb within layouts/application
  [1m[36mGame Load (0.3ms)[0m  [1m[34mSELECT "games".* FROM "games"[0m
  Rendered games/index.html.erb within layouts/application (2.8ms)
Completed 200 OK in 30ms (Views: 27.5ms | ActiveRecord: 0.3ms)


Started GET "/games" for 127.0.0.1 at 2018-02-12 10:57:11 +1100
Processing by GamesController#index as HTML
  Rendering games/index.html.erb within layouts/application
  [1m[36mGame Load (0.4ms)[0m  [1m[34mSELECT "games".* FROM "games"[0m
  Rendered games/index.html.erb within layouts/application (3.8ms)
Completed 200 OK in 25ms (Views: 22.4ms | ActiveRecord: 0.4ms)


Started GET "/games/4" for 127.0.0.1 at 2018-02-12 10:57:12 +1100
Processing by GamesController#show as HTML
  Parameters: {"id"=>"4"}
  [1m[36mGame Load (0.6ms)[0m  [1m[34mSELECT  "games".* FROM "games" WHERE "games"."id" = $1 LIMIT $2[0m  [["id", 4], ["LIMIT", 1]]
  Rendering games/show.html.erb within layouts/application
  Rendered games/show.html.erb within layouts/application (0.9ms)
Completed 200 OK in 28ms (Views: 22.3ms | ActiveRecord: 0.8ms)


